<?xml version="1.0" encoding="UTF-8"?>
<!-- Generated by org.testng.reporters.JUnitXMLReporter -->
<testsuite ignored="0" hostname="DESKTOP-QFPEJP1" failures="0" tests="4" name="Default test" time="0.119" errors="0" timestamp="2022-08-17T21:57:23 IST">
  <testcase classname="Testng.testkeyword" name="A" time="0.019"/>
  <testcase classname="Testng.testkeyword" name="B" time="0.003"/>
  <testcase classname="Testng.testkeyword" name="C" time="0.003"/>
  <testcase classname="Testng.testkeyword" name="D" time="0.003"/>
</testsuite> <!-- Default test -->
