<?xml version="1.0" encoding="UTF-8"?>
<!-- Generated by org.testng.reporters.JUnitXMLReporter -->
<testsuite ignored="3" hostname="DESKTOP-QFPEJP1" failures="0" tests="1" name="Test" time="0.089" errors="0" timestamp="2022-08-14T21:58:57 IST">
  <testcase classname="Test_3.Test_2" name="BD" time="0.017"/>
  <testcase classname="Test_3.Test_2" name="BA" time="0.0">
    <ignored/>
  </testcase> <!-- BA -->
  <testcase classname="Test_3.Test_2" name="BB" time="0.0">
    <ignored/>
  </testcase> <!-- BB -->
  <testcase classname="Test_3.Test_2" name="BC" time="0.0">
    <ignored/>
  </testcase> <!-- BC -->
</testsuite> <!-- Test -->
