<?xml version="1.0" encoding="UTF-8"?>
<!-- Generated by org.testng.reporters.JUnitXMLReporter -->
<testsuite ignored="0" hostname="DESKTOP-QFPEJP1" failures="0" tests="4" name="Test_Chrome" time="53.88" errors="0" timestamp="2022-08-15T12:25:05 IST">
  <testcase classname="Test_3.Test_4" name="BA" time="0.024"/>
  <testcase classname="Test_3.Test_4" name="BB" time="0.004"/>
  <testcase classname="Test_3.Test_4" name="BC" time="0.005"/>
  <testcase classname="Test_3.Test_4" name="BD" time="0.003"/>
</testsuite> <!-- Test_Chrome -->
