<?xml version="1.0" encoding="UTF-8"?>
<testng-results ignored="0" total="4" passed="4" failed="0" skipped="0">
  <reporter-output>
  </reporter-output>
  <suite started-at="2022-08-17T21:57:22 IST" name="Default suite" finished-at="2022-08-17T21:57:23 IST" duration-ms="119">
    <groups>
    </groups>
    <test started-at="2022-08-17T21:57:22 IST" name="Default test" finished-at="2022-08-17T21:57:23 IST" duration-ms="119">
      <class name="Testng.testkeyword">
        <test-method signature="A()[pri:0, instance:Testng.testkeyword@5119fb47]" started-at="2022-08-17T21:57:23 IST" name="A" finished-at="2022-08-17T21:57:23 IST" duration-ms="19" status="PASS">
          <reporter-output>
          </reporter-output>
        </test-method> <!-- A -->
        <test-method signature="B()[pri:0, instance:Testng.testkeyword@5119fb47]" started-at="2022-08-17T21:57:23 IST" name="B" finished-at="2022-08-17T21:57:23 IST" duration-ms="3" status="PASS">
          <reporter-output>
          </reporter-output>
        </test-method> <!-- B -->
        <test-method signature="C()[pri:0, instance:Testng.testkeyword@5119fb47]" started-at="2022-08-17T21:57:23 IST" name="C" finished-at="2022-08-17T21:57:23 IST" duration-ms="3" status="PASS">
          <reporter-output>
          </reporter-output>
        </test-method> <!-- C -->
        <test-method signature="D()[pri:0, instance:Testng.testkeyword@5119fb47]" started-at="2022-08-17T21:57:23 IST" name="D" finished-at="2022-08-17T21:57:23 IST" duration-ms="3" status="PASS">
          <reporter-output>
          </reporter-output>
        </test-method> <!-- D -->
      </class> <!-- Testng.testkeyword -->
    </test> <!-- Default test -->
  </suite> <!-- Default suite -->
</testng-results>
