<?xml version="1.0" encoding="UTF-8"?>
<!-- Generated by org.testng.reporters.JUnitXMLReporter -->
<testsuite ignored="2" hostname="DESKTOP-QFPEJP1" failures="0" tests="2" name="Test" time="0.132" errors="0" timestamp="2022-08-17T18:07:30 IST">
  <testcase classname="Test_3.Test_2" name="BA" time="0.036"/>
  <testcase classname="Test_3.Test_2" name="BB" time="0.004"/>
  <testcase classname="Test_3.Test_2" name="BD" time="0.0">
    <ignored/>
  </testcase> <!-- BD -->
  <testcase classname="Test_3.Test_2" name="BC" time="0.0">
    <ignored/>
  </testcase> <!-- BC -->
</testsuite> <!-- Test -->
